Listening on port 5000
[0mPOST /api/v1/logout [33m401[0m 13.876 ms - 48[0m
[0mPOST /api/v1/users [32m201[0m 615.172 ms - 63[0m
[0mPOST /api/v1/logout [32m200[0m 12.742 ms - 47[0m
[0mPOST /api/v1/users [32m201[0m 449.129 ms - 63[0m
[0mPOST /api/v1/logout [32m200[0m 15.332 ms - 47[0m
[0mPOST /api/v1/login [32m200[0m 439.651 ms - 42[0m
[0mPOST /api/v1/login [33m401[0m 4.047 ms - 51[0m
[0mPOST /api/v1/logout [32m200[0m 5.696 ms - 47[0m
[0mPOST /api/v1/login [33m401[0m 5.081 ms - 51[0m
[0mPOST /api/v1/logout [33m401[0m 2.876 ms - 48[0m
[0mPOST /api/v1/login [33m401[0m 3.059 ms - 51[0m
[0mPOST /api/v1/logout [33m401[0m 3.290 ms - 48[0m
[0mPOST /api/v1/login [33m401[0m 25.145 ms - 51[0m
[0mPOST /api/v1/logout [33m401[0m 2.575 ms - 48[0m
[0mPOST /api/v1/login [33m401[0m 394.913 ms - 51[0m
[0mPOST /api/v1/logout [33m401[0m 3.656 ms - 48[0m
[0mPOST /api/v1/login [32m200[0m 426.875 ms - 42[0m
[0mPOST /api/v1/login [33m401[0m 3.376 ms - 51[0m
[0mPOST /api/v1/logout [32m200[0m 8.551 ms - 47[0m
[0mPOST /api/v1/login [33m401[0m 3.014 ms - 51[0m
[0mPOST /api/v1/logout [33m401[0m 3.345 ms - 48[0m
[0mPOST /api/v1/login [33m401[0m 3.713 ms - 51[0m
[0mPOST /api/v1/logout [33m401[0m 3.238 ms - 48[0m
[0mPOST /api/v1/login [33m401[0m 30.868 ms - 51[0m
[0mPOST /api/v1/logout [33m401[0m 3.123 ms - 48[0m
[0mPOST /api/v1/login [33m401[0m 413.088 ms - 51[0m
[0mPOST /api/v1/logout [33m401[0m 3.727 ms - 48[0m
[0mPOST /api/v1/users [32m201[0m 408.167 ms - 63[0m
[0mGET /api/v1/ping [32m200[0m 5.212 ms - 38[0m
[0mPOST /api/v1/logout [32m200[0m 5.965 ms - 47[0m
[0mPOST /api/v1/users [33m400[0m 389.972 ms - 76[0m
[0mPOST /api/v1/logout [33m401[0m 2.662 ms - 48[0m
[0mPOST /api/v1/users [33m400[0m 388.745 ms - 74[0m
[0mPOST /api/v1/logout [33m401[0m 2.505 ms - 48[0m
[0mPOST /api/v1/users [33m400[0m 6.246 ms - 73[0m
[0mPOST /api/v1/logout [33m401[0m 2.507 ms - 48[0m
[0mPOST /api/v1/users [33m400[0m 2.198 ms - 46[0m
[0mPOST /api/v1/logout [33m401[0m 3.424 ms - 48[0m
[0mPOST /api/v1/users [32m201[0m 416.300 ms - 63[0m
[0mPOST /api/v1/logout [32m200[0m 7.981 ms - 47[0m
[0mPOST /api/v1/users [33m400[0m 2.551 ms - 45[0m
[0mPOST /api/v1/logout [33m401[0m 2.746 ms - 48[0m
[0mPOST /api/v1/users [33m400[0m 20.770 ms - 99[0m
[0mPOST /api/v1/logout [33m401[0m 2.929 ms - 48[0m
[0mPOST /api/v1/users [32m201[0m 404.189 ms - 63[0m
[0mGET /api/v1/ping [32m200[0m 3.867 ms - 38[0m
[0mPOST /api/v1/logout [32m200[0m 6.261 ms - 47[0m
[0mPOST /api/v1/users [33m400[0m 387.601 ms - 76[0m
[0mPOST /api/v1/logout [33m401[0m 2.875 ms - 48[0m
[0mPOST /api/v1/users [33m400[0m 387.793 ms - 74[0m
[0mPOST /api/v1/logout [33m401[0m 2.353 ms - 48[0m
[0mPOST /api/v1/users [33m400[0m 4.839 ms - 73[0m
[0mPOST /api/v1/logout [33m401[0m 1.607 ms - 48[0m
[0mPOST /api/v1/users [33m400[0m 2.635 ms - 46[0m
[0mPOST /api/v1/logout [33m401[0m 2.219 ms - 48[0m
[0mPOST /api/v1/users [32m201[0m 408.309 ms - 63[0m
[0mPOST /api/v1/logout [32m200[0m 7.779 ms - 47[0m
[0mPOST /api/v1/users [33m400[0m 2.479 ms - 45[0m
[0mPOST /api/v1/logout [33m401[0m 1.930 ms - 48[0m
[0mPOST /api/v1/users [33m400[0m 16.034 ms - 99[0m
[0mPOST /api/v1/logout [33m401[0m 2.145 ms - 48[0m
Listening on port 5000
[0mPOST /api/v1/logout [33m401[0m 22.748 ms - 48[0m
[0mPOST /api/v1/users [32m201[0m 599.489 ms - 63[0m
[0mPOST /api/v1/logout [32m200[0m 20.458 ms - 47[0m
[0mPOST /api/v1/users [32m201[0m 455.324 ms - 63[0m
[0mPOST /api/v1/logout [32m200[0m 16.032 ms - 47[0m
[0mPOST /api/v1/login [32m200[0m 437.734 ms - 42[0m
[0mPOST /api/v1/login [33m401[0m 4.279 ms - 51[0m
[0mPOST /api/v1/logout [32m200[0m 8.363 ms - 47[0m
[0mPOST /api/v1/login [33m401[0m 4.475 ms - 51[0m
[0mPOST /api/v1/logout [33m401[0m 2.632 ms - 48[0m
[0mPOST /api/v1/login [33m401[0m 3.099 ms - 51[0m
[0mPOST /api/v1/logout [33m401[0m 1.879 ms - 48[0m
[0mPOST /api/v1/login [33m401[0m 27.191 ms - 51[0m
[0mPOST /api/v1/logout [33m401[0m 1.861 ms - 48[0m
[0mPOST /api/v1/login [33m401[0m 397.234 ms - 51[0m
[0mPOST /api/v1/logout [33m401[0m 2.949 ms - 48[0m
[0mPOST /api/v1/login [32m200[0m 421.619 ms - 42[0m
[0mPOST /api/v1/login [33m401[0m 2.620 ms - 51[0m
[0mPOST /api/v1/logout [32m200[0m 8.020 ms - 47[0m
[0mPOST /api/v1/login [33m401[0m 3.068 ms - 51[0m
[0mPOST /api/v1/logout [33m401[0m 2.007 ms - 48[0m
[0mPOST /api/v1/login [33m401[0m 3.130 ms - 51[0m
[0mPOST /api/v1/logout [33m401[0m 3.237 ms - 48[0m
[0mPOST /api/v1/login [33m401[0m 24.995 ms - 51[0m
[0mPOST /api/v1/logout [33m401[0m 1.969 ms - 48[0m
[0mPOST /api/v1/login [33m401[0m 399.484 ms - 51[0m
[0mPOST /api/v1/logout [33m401[0m 2.389 ms - 48[0m
[0mPOST /api/v1/users [32m201[0m 411.444 ms - 63[0m
[0mGET /api/v1/ping [32m200[0m 4.798 ms - 38[0m
[0mPOST /api/v1/logout [32m200[0m 7.503 ms - 47[0m
[0mPOST /api/v1/users [33m400[0m 394.373 ms - 76[0m
[0mPOST /api/v1/logout [33m401[0m 3.532 ms - 48[0m
[0mPOST /api/v1/users [33m400[0m 389.883 ms - 74[0m
[0mPOST /api/v1/logout [33m401[0m 3.715 ms - 48[0m
[0mPOST /api/v1/users [33m400[0m 6.934 ms - 73[0m
[0mPOST /api/v1/logout [33m401[0m 2.781 ms - 48[0m
[0mPOST /api/v1/users [33m400[0m 3.971 ms - 46[0m
[0mPOST /api/v1/logout [33m401[0m 2.562 ms - 48[0m
[0mPOST /api/v1/users [32m201[0m 426.021 ms - 63[0m
[0mPOST /api/v1/logout [32m200[0m 10.699 ms - 47[0m
[0mPOST /api/v1/users [33m400[0m 2.398 ms - 45[0m
[0mPOST /api/v1/logout [33m401[0m 3.157 ms - 48[0m
[0mPOST /api/v1/users [33m400[0m 22.903 ms - 99[0m
[0mPOST /api/v1/logout [33m401[0m 2.277 ms - 48[0m
[0mPOST /api/v1/users [32m201[0m 440.561 ms - 63[0m
[0mGET /api/v1/ping [32m200[0m 3.546 ms - 38[0m
[0mPOST /api/v1/logout [32m200[0m 12.769 ms - 47[0m
[0mPOST /api/v1/users [33m400[0m 386.752 ms - 76[0m
[0mPOST /api/v1/logout [33m401[0m 2.979 ms - 48[0m
[0mPOST /api/v1/users [33m400[0m 387.135 ms - 74[0m
[0mPOST /api/v1/logout [33m401[0m 2.867 ms - 48[0m
[0mPOST /api/v1/users [33m400[0m 5.265 ms - 73[0m
[0mPOST /api/v1/logout [33m401[0m 2.057 ms - 48[0m
[0mPOST /api/v1/users [33m400[0m 2.228 ms - 46[0m
[0mPOST /api/v1/logout [33m401[0m 3.122 ms - 48[0m
[0mPOST /api/v1/users [32m201[0m 406.517 ms - 63[0m
[0mPOST /api/v1/logout [32m200[0m 8.240 ms - 47[0m
[0mPOST /api/v1/users [33m400[0m 2.324 ms - 45[0m
[0mPOST /api/v1/logout [33m401[0m 2.789 ms - 48[0m
[0mPOST /api/v1/users [33m400[0m 15.302 ms - 99[0m
[0mPOST /api/v1/logout [33m401[0m 2.248 ms - 48[0m
