
> backend@1.0.0 dev /home/userland/webstack_portfolio/Latent/backend/api/v1
> nodemon server.js

[33m[nodemon] 2.0.22[39m
[33m[nodemon] to restart at any time, enter `rs`[39m
[33m[nodemon] watching path(s): *.*[39m
[33m[nodemon] watching extensions: js,mjs,json[39m
[32m[nodemon] starting `node server.js`[39m
Listening on port 3001

> backend@1.0.0 dev /home/userland/webstack_portfolio/Latent/backend/api/v1
> nodemon server.js

[33m[nodemon] 2.0.22[39m
[33m[nodemon] to restart at any time, enter `rs`[39m
[33m[nodemon] watching path(s): *.*[39m
[33m[nodemon] watching extensions: js,mjs,json[39m
[32m[nodemon] starting `node server.js`[39m
[31m[nodemon] app crashed - waiting for file changes before starting...[39m

> backend@1.0.0 dev /home/userland/webstack_portfolio/Latent/backend/api/v1
> nodemon server.js

[33m[nodemon] 2.0.22[39m
[33m[nodemon] to restart at any time, enter `rs`[39m
[33m[nodemon] watching path(s): *.*[39m
[33m[nodemon] watching extensions: js,mjs,json[39m
[32m[nodemon] starting `node server.js`[39m
Listening on port 3001

> backend@1.0.0 dev /home/userland/webstack_portfolio/Latent/backend/api/v1
> nodemon server.js

[33m[nodemon] 2.0.22[39m
[33m[nodemon] to restart at any time, enter `rs`[39m
[33m[nodemon] watching path(s): *.*[39m
[33m[nodemon] watching extensions: js,mjs,json[39m
[32m[nodemon] starting `node server.js`[39m
Listening on port 3001

> backend@1.0.0 start /home/userland/webstack_portfolio/Latent/backend/api/v1
> node server.js

Listening on port 3001

> backend@1.0.0 start /home/userland/webstack_portfolio/Latent/backend/api/v1
> node server.js

Listening on port 5000

> backend@1.0.0 start /home/userland/webstack_portfolio/Latent/backend/api/v1
> node server.js


> backend@1.0.0 start /home/userland/webstack_portfolio/Latent/backend/api/v1
> node server.js

Listening on port 5000

> backend@1.0.0 start /home/userland/webstack_portfolio/Latent/backend/api/v1
> node server.js

Listening on port 5000

> backend@1.0.0 start /home/userland/webstack_portfolio/Latent/backend/api/v1
> node server.js

Listening on port 5000

> backend@1.0.0 start /home/userland/webstack_portfolio/Latent/backend/api/v1
> node server.js

Listening on port 5000
